<?xml version="1.0" encoding="UTF-8" ?>
<testsuite tests="22" failures="8" name="cucumber.Options.TestRunner" time="1.166" errors="0" skipped="6">
  <properties>
    <property name="java.runtime.name" value="Java(TM) SE Runtime Environment"/>
    <property name="sun.boot.library.path" value="C:\Program Files\Java\jdk1.8.0_333\jre\bin"/>
    <property name="java.vm.version" value="25.333-b02"/>
    <property name="java.vm.vendor" value="Oracle Corporation"/>
    <property name="maven.multiModuleProjectDirectory" value="D:/QA_projects/Git/JiraApiFramework/JiraAPIFramework"/>
    <property name="java.vendor.url" value="http://java.oracle.com/"/>
    <property name="path.separator" value=";"/>
    <property name="guice.disable.misplaced.annotation.check" value="true"/>
    <property name="java.vm.name" value="Java HotSpot(TM) 64-Bit Server VM"/>
    <property name="file.encoding.pkg" value="sun.io"/>
    <property name="user.script" value=""/>
    <property name="user.country" value="RU"/>
    <property name="sun.java.launcher" value="SUN_STANDARD"/>
    <property name="sun.os.patch.level" value=""/>
    <property name="java.vm.specification.name" value="Java Virtual Machine Specification"/>
    <property name="user.dir" value="D:\QA_projects\Git\JiraApiFramework\JiraAPIFramework"/>
    <property name="java.runtime.version" value="1.8.0_333-b02"/>
    <property name="java.awt.graphicsenv" value="sun.awt.Win32GraphicsEnvironment"/>
    <property name="java.endorsed.dirs" value="C:\Program Files\Java\jdk1.8.0_333\jre\lib\endorsed"/>
    <property name="os.arch" value="amd64"/>
    <property name="java.io.tmpdir" value="C:\Users\andre\AppData\Local\Temp\"/>
    <property name="line.separator" value="
"/>
    <property name="java.vm.specification.vendor" value="Oracle Corporation"/>
    <property name="user.variant" value=""/>
    <property name="os.name" value="Windows 10"/>
    <property name="cucumber" value="true"/>
    <property name="classworlds.conf" value="D:/Soft/QA/Soft/Maven/apache-maven-3.8.5-bin/bin/m2.conf"/>
    <property name="sun.jnu.encoding" value="Cp1251"/>
    <property name="java.library.path" value="C:\Program Files\Java\jdk1.8.0_333\bin;C:\WINDOWS\Sun\Java\bin;C:\WINDOWS\system32;C:\WINDOWS;C:\Users\andre\bin;C:\Program Files\Git\mingw64\bin;C:\Program Files\Git\usr\local\bin;C:\Program Files\Git\usr\bin;C:\Program Files\Git\usr\bin;C:\Program Files\Git\mingw64\bin;C:\Program Files\Git\usr\bin;C:\Users\andre\bin;C:\Program Files\Java\jdk-11.0.14\bin;C:\Program Files\Java\jdk-17.0.2\bin;C:\Program Files\Java\jdk1.8.0_333\bin;C:\Program Files\Java\jdk1.8.0_181\bin;C:\Program Files\Common Files\Oracle\Java\javapath;C:\Program Files (x86)\VMware\VMware Player\bin;C:\Program Files (x86)\Common Files\Oracle\Java\javapath;C:\WINDOWS\system32;C:\WINDOWS;C:\WINDOWS\System32\Wbem;C:\WINDOWS\System32\WindowsPowerShell\v1.0;C:\WINDOWS\System32\OpenSSH;C:\Program Files\NVIDIA Corporation\NVIDIA NvDLISR;C:\Program Files (x86)\NVIDIA Corporation\PhysX\Common;D:\Soft\QA\Soft\Maven\apache-maven-3.8.5-bin\bin;C:\Program Files\Git\cmd;C:\Program Files\nodejs;C:\Users\andre\AppData\Local\Android\Sdk\tools\bin;C:\Users\andre\AppData\Local\Android\Sdk\platform-tools;C:\Users\andre\AppData\Local\Android\Sdk\tools;C:\Program Files\nodejs\node_modules\npm\bin;C:\Program Files\dotnet;C:\Program Files\MySQL\MySQL Server 8.0\bin;C:\Program Files\MySQL\MySQL Shell 8.0\bin;C:\Users\andre\AppData\Local\Microsoft\WindowsApps;C:\Users\andre\AppData\Local\Programs\Microsoft VS Code\bin;C:\Users\andre\AppData\Roaming\npm;C:\Program Files\Git\usr\bin\vendor_perl;C:\Program Files\Git\usr\bin\core_perl;."/>
    <property name="maven.conf" value="D:/Soft/QA/Soft/Maven/apache-maven-3.8.5-bin/conf"/>
    <property name="java.specification.name" value="Java Platform API Specification"/>
    <property name="java.class.version" value="52.0"/>
    <property name="sun.management.compiler" value="HotSpot 64-Bit Tiered Compilers"/>
    <property name="os.version" value="10.0"/>
    <property name="library.jansi.path" value="D:/Soft/QA/Soft/Maven/apache-maven-3.8.5-bin/lib/jansi-native"/>
    <property name="user.home" value="C:\Users\andre"/>
    <property name="user.timezone" value="Asia/Yekaterinburg"/>
    <property name="java.awt.printerjob" value="sun.awt.windows.WPrinterJob"/>
    <property name="java.specification.version" value="1.8"/>
    <property name="file.encoding" value="Cp1251"/>
    <property name="user.name" value="andre"/>
    <property name="java.class.path" value="D:/Soft/QA/Soft/Maven/apache-maven-3.8.5-bin/boot/plexus-classworlds-2.6.0.jar"/>
    <property name="java.vm.specification.version" value="1.8"/>
    <property name="sun.arch.data.model" value="64"/>
    <property name="java.home" value="C:\Program Files\Java\jdk1.8.0_333\jre"/>
    <property name="sun.java.command" value="org.codehaus.plexus.classworlds.launcher.Launcher test -Dcucumber"/>
    <property name="java.specification.vendor" value="Oracle Corporation"/>
    <property name="user.language" value="ru"/>
    <property name="awt.toolkit" value="sun.awt.windows.WToolkit"/>
    <property name="java.vm.info" value="mixed mode"/>
    <property name="java.version" value="1.8.0_333"/>
    <property name="java.ext.dirs" value="C:\Program Files\Java\jdk1.8.0_333\jre\lib\ext;C:\WINDOWS\Sun\Java\lib\ext"/>
    <property name="sun.boot.class.path" value="C:\Program Files\Java\jdk1.8.0_333\jre\lib\resources.jar;C:\Program Files\Java\jdk1.8.0_333\jre\lib\rt.jar;C:\Program Files\Java\jdk1.8.0_333\jre\lib\sunrsasign.jar;C:\Program Files\Java\jdk1.8.0_333\jre\lib\jsse.jar;C:\Program Files\Java\jdk1.8.0_333\jre\lib\jce.jar;C:\Program Files\Java\jdk1.8.0_333\jre\lib\charsets.jar;C:\Program Files\Java\jdk1.8.0_333\jre\lib\jfr.jar;C:\Program Files\Java\jdk1.8.0_333\jre\classes"/>
    <property name="java.vendor" value="Oracle Corporation"/>
    <property name="maven.home" value="D:\Soft\QA\Soft\Maven\apache-maven-3.8.5-bin"/>
    <property name="file.separator" value="\"/>
    <property name="java.vendor.url.bug" value="http://bugreport.sun.com/bugreport/"/>
    <property name="sun.cpu.endian" value="little"/>
    <property name="sun.io.unicode.encoding" value="UnicodeLittle"/>
    <property name="sun.desktop" value="windows"/>
    <property name="sun.cpu.isalist" value="amd64"/>
  </properties>
  <testcase classname="Verify if issue is being Succesfully created using createIssueAPI" name="Created session with issue Payload as &quot;summary_test&quot; &quot;description_test&quot;" time="0.972"/>
  <testcase classname="Verify if issue is being Succesfully created using createIssueAPI" name="user calls &quot;createIssueAPI&quot; with &quot;POST&quot; http request" time="0.029"/>
  <testcase classname="Verify if issue is being Succesfully created using createIssueAPI" name="the API call got success with status code &quot;201&quot;" time="0.005">
    <failure message="expected:&lt;403&gt; but was:&lt;201&gt;" type="java.lang.AssertionError">java.lang.AssertionError: expected:&lt;403&gt; but was:&lt;201&gt;
	at org.junit.Assert.fail(Assert.java:89)
	at org.junit.Assert.failNotEquals(Assert.java:835)
	at org.junit.Assert.assertEquals(Assert.java:647)
	at org.junit.Assert.assertEquals(Assert.java:633)
	at stepDefinitions.stepDefinition.the_api_call_got_success_with_status_code(stepDefinition.java:62)
	at ✽.the API call got success with status code &quot;201&quot;(file:///D:/QA_projects/Git/JiraApiFramework/JiraAPIFramework/src/test/java/features/issueValidations.feature:7)
</failure>
  </testcase>
  <testcase classname="Verify if issue is being Succesfully created using createIssueAPI" name="Verify if issue is being Succesfully created using createIssueAPI" time="0.009">
    <failure message="expected:&lt;403&gt; but was:&lt;201&gt;" type="java.lang.AssertionError">java.lang.AssertionError: expected:&lt;403&gt; but was:&lt;201&gt;
	at org.junit.Assert.fail(Assert.java:89)
	at org.junit.Assert.failNotEquals(Assert.java:835)
	at org.junit.Assert.assertEquals(Assert.java:647)
	at org.junit.Assert.assertEquals(Assert.java:633)
	at stepDefinitions.stepDefinition.the_api_call_got_success_with_status_code(stepDefinition.java:62)
	at ✽.the API call got success with status code &quot;201&quot;(file:///D:/QA_projects/Git/JiraApiFramework/JiraAPIFramework/src/test/java/features/issueValidations.feature:7)
</failure>
  </testcase>
  <testcase classname="Verify add comment functionality is working" name="Created session with issue Payload as &quot;summary_test&quot; &quot;description_test&quot;" time="0.022"/>
  <testcase classname="Verify add comment functionality is working" name="user calls &quot;createIssueAPI&quot; with &quot;POST&quot; http request" time="0.018"/>
  <testcase classname="Verify add comment functionality is working" name="the API call got success with status code &quot;201&quot;" time="0">
    <failure message="expected:&lt;403&gt; but was:&lt;201&gt;" type="java.lang.AssertionError">java.lang.AssertionError: expected:&lt;403&gt; but was:&lt;201&gt;
	at org.junit.Assert.fail(Assert.java:89)
	at org.junit.Assert.failNotEquals(Assert.java:835)
	at org.junit.Assert.assertEquals(Assert.java:647)
	at org.junit.Assert.assertEquals(Assert.java:633)
	at stepDefinitions.stepDefinition.the_api_call_got_success_with_status_code(stepDefinition.java:62)
	at ✽.the API call got success with status code &quot;201&quot;(file:///D:/QA_projects/Git/JiraApiFramework/JiraAPIFramework/src/test/java/features/issueValidations.feature:17)
</failure>
  </testcase>
  <testcase classname="Verify add comment functionality is working" name="user calls &quot;addCommentAPI&quot; with payload as &quot;comment_test&quot; and &quot;POST&quot; http request" time="0.001">
    <skipped/>
  </testcase>
  <testcase classname="Verify add comment functionality is working" name="the API call got success with status code &quot;201&quot;" time="0">
    <skipped/>
  </testcase>
  <testcase classname="Verify add comment functionality is working" name="Verify add comment functionality is working" time="0.001">
    <failure message="expected:&lt;403&gt; but was:&lt;201&gt;" type="java.lang.AssertionError">java.lang.AssertionError: expected:&lt;403&gt; but was:&lt;201&gt;
	at org.junit.Assert.fail(Assert.java:89)
	at org.junit.Assert.failNotEquals(Assert.java:835)
	at org.junit.Assert.assertEquals(Assert.java:647)
	at org.junit.Assert.assertEquals(Assert.java:633)
	at stepDefinitions.stepDefinition.the_api_call_got_success_with_status_code(stepDefinition.java:62)
	at ✽.the API call got success with status code &quot;201&quot;(file:///D:/QA_projects/Git/JiraApiFramework/JiraAPIFramework/src/test/java/features/issueValidations.feature:17)
</failure>
  </testcase>
  <testcase classname="Verify add attachment functionality is working" name="Created session with issue Payload as &quot;summary_test&quot; &quot;description_test&quot;" time="0.056"/>
  <testcase classname="Verify add attachment functionality is working" name="user calls &quot;createIssueAPI&quot; with &quot;POST&quot; http request" time="0.016"/>
  <testcase classname="Verify add attachment functionality is working" name="the API call got success with status code &quot;201&quot;" time="0.001">
    <failure message="expected:&lt;403&gt; but was:&lt;201&gt;" type="java.lang.AssertionError">java.lang.AssertionError: expected:&lt;403&gt; but was:&lt;201&gt;
	at org.junit.Assert.fail(Assert.java:89)
	at org.junit.Assert.failNotEquals(Assert.java:835)
	at org.junit.Assert.assertEquals(Assert.java:647)
	at org.junit.Assert.assertEquals(Assert.java:633)
	at stepDefinitions.stepDefinition.the_api_call_got_success_with_status_code(stepDefinition.java:62)
	at ✽.the API call got success with status code &quot;201&quot;(file:///D:/QA_projects/Git/JiraApiFramework/JiraAPIFramework/src/test/java/features/issueValidations.feature:29)
</failure>
  </testcase>
  <testcase classname="Verify add attachment functionality is working" name="user calls &quot;addAttachmentAPI&quot; with adding file and &quot;POST&quot; http request" time="0">
    <skipped/>
  </testcase>
  <testcase classname="Verify add attachment functionality is working" name="the API call got success with status code &quot;200&quot;" time="0.001">
    <skipped/>
  </testcase>
  <testcase classname="Verify add attachment functionality is working" name="Verify add attachment functionality is working" time="0.001">
    <failure message="expected:&lt;403&gt; but was:&lt;201&gt;" type="java.lang.AssertionError">java.lang.AssertionError: expected:&lt;403&gt; but was:&lt;201&gt;
	at org.junit.Assert.fail(Assert.java:89)
	at org.junit.Assert.failNotEquals(Assert.java:835)
	at org.junit.Assert.assertEquals(Assert.java:647)
	at org.junit.Assert.assertEquals(Assert.java:633)
	at stepDefinitions.stepDefinition.the_api_call_got_success_with_status_code(stepDefinition.java:62)
	at ✽.the API call got success with status code &quot;201&quot;(file:///D:/QA_projects/Git/JiraApiFramework/JiraAPIFramework/src/test/java/features/issueValidations.feature:29)
</failure>
  </testcase>
  <testcase classname="Verify delete issue functionality is working" name="Created session with issue Payload as &quot;summary_test&quot; &quot;description_test&quot;" time="0.016"/>
  <testcase classname="Verify delete issue functionality is working" name="user calls &quot;createIssueAPI&quot; with &quot;POST&quot; http request" time="0.017"/>
  <testcase classname="Verify delete issue functionality is working" name="the API call got success with status code &quot;201&quot;" time="0.001">
    <failure message="expected:&lt;403&gt; but was:&lt;201&gt;" type="java.lang.AssertionError">java.lang.AssertionError: expected:&lt;403&gt; but was:&lt;201&gt;
	at org.junit.Assert.fail(Assert.java:89)
	at org.junit.Assert.failNotEquals(Assert.java:835)
	at org.junit.Assert.assertEquals(Assert.java:647)
	at org.junit.Assert.assertEquals(Assert.java:633)
	at stepDefinitions.stepDefinition.the_api_call_got_success_with_status_code(stepDefinition.java:62)
	at ✽.the API call got success with status code &quot;201&quot;(file:///D:/QA_projects/Git/JiraApiFramework/JiraAPIFramework/src/test/java/features/issueValidations.feature:41)
</failure>
  </testcase>
  <testcase classname="Verify delete issue functionality is working" name="user delete the issue by calling &quot;deleteIssueAPI&quot; with &quot;DELETE&quot; http request" time="0">
    <skipped/>
  </testcase>
  <testcase classname="Verify delete issue functionality is working" name="the API call got success with status code &quot;201&quot;" time="0">
    <skipped/>
  </testcase>
  <testcase classname="Verify delete issue functionality is working" name="Verify delete issue functionality is working" time="0">
    <failure message="expected:&lt;403&gt; but was:&lt;201&gt;" type="java.lang.AssertionError">java.lang.AssertionError: expected:&lt;403&gt; but was:&lt;201&gt;
	at org.junit.Assert.fail(Assert.java:89)
	at org.junit.Assert.failNotEquals(Assert.java:835)
	at org.junit.Assert.assertEquals(Assert.java:647)
	at org.junit.Assert.assertEquals(Assert.java:633)
	at stepDefinitions.stepDefinition.the_api_call_got_success_with_status_code(stepDefinition.java:62)
	at ✽.the API call got success with status code &quot;201&quot;(file:///D:/QA_projects/Git/JiraApiFramework/JiraAPIFramework/src/test/java/features/issueValidations.feature:41)
</failure>
  </testcase>
</testsuite>