<?xml version="1.0" encoding="UTF-8" ?>
<testsuite tests="22" failures="8" name="cucumber.Options.TestRunner" time="1.166" errors="0" skipped="6">
  <properties>
[...]
</properties>
  <testcase classname="Verify if issue is being Succesfully created using createIssueAPI" name="Created session with issue Payload as &quot;summary_test&quot; &quot;description_test&quot;" time="0.972"/>
  <testcase classname="Verify if issue is being Succesfully created using createIssueAPI" name="user calls &quot;createIssueAPI&quot; with &quot;POST&quot; http request" time="0.029"/>
  <testcase classname="Verify if issue is being Succesfully created using createIssueAPI" name="the API call got success with status code &quot;201&quot;" time="0.005">
    <failure message="expected:&lt;403&gt; but was:&lt;201&gt;" type="java.lang.AssertionError">java.lang.AssertionError: expected:&lt;403&gt; but was:&lt;201&gt;
	at org.junit.Assert.fail(Assert.java:89)
	at org.junit.Assert.failNotEquals(Assert.java:835)
	at org.junit.Assert.assertEquals(Assert.java:647)
	at org.junit.Assert.assertEquals(Assert.java:633)
	at stepDefinitions.stepDefinition.the_api_call_got_success_with_status_code(stepDefinition.java:62)
	at ✽.the API call got success with status code &quot;201&quot;(file:///D:/QA_projects/Git/JiraApiFramework/JiraAPIFramework/src/test/java/features/issueValidations.feature:7)
</failure>
  </testcase>
  <testcase classname="Verify if issue is being Succesfully created using createIssueAPI" name="Verify if issue is being Succesfully created using createIssueAPI" time="0.009">
    <failure message="expected:&lt;403&gt; but was:&lt;201&gt;" type="java.lang.AssertionError">java.lang.AssertionError: expected:&lt;403&gt; but was:&lt;201&gt;
	at org.junit.Assert.fail(Assert.java:89)
	at org.junit.Assert.failNotEquals(Assert.java:835)
	at org.junit.Assert.assertEquals(Assert.java:647)
	at org.junit.Assert.assertEquals(Assert.java:633)
	at stepDefinitions.stepDefinition.the_api_call_got_success_with_status_code(stepDefinition.java:62)
	at ✽.the API call got success with status code &quot;201&quot;(file:///D:/QA_projects/Git/JiraApiFramework/JiraAPIFramework/src/test/java/features/issueValidations.feature:7)
</failure>
  </testcase>
  <testcase classname="Verify add comment functionality is working" name="Created session with issue Payload as &quot;summary_test&quot; &quot;description_test&quot;" time="0.022"/>
  <testcase classname="Verify add comment functionality is working" name="user calls &quot;createIssueAPI&quot; with &quot;POST&quot; http request" time="0.018"/>
  <testcase classname="Verify add comment functionality is working" name="the API call got success with status code &quot;201&quot;" time="0">
    <failure message="expected:&lt;403&gt; but was:&lt;201&gt;" type="java.lang.AssertionError">java.lang.AssertionError: expected:&lt;403&gt; but was:&lt;201&gt;
	at org.junit.Assert.fail(Assert.java:89)
	at org.junit.Assert.failNotEquals(Assert.java:835)
	at org.junit.Assert.assertEquals(Assert.java:647)
	at org.junit.Assert.assertEquals(Assert.java:633)
	at stepDefinitions.stepDefinition.the_api_call_got_success_with_status_code(stepDefinition.java:62)
	at ✽.the API call got success with status code &quot;201&quot;(file:///D:/QA_projects/Git/JiraApiFramework/JiraAPIFramework/src/test/java/features/issueValidations.feature:17)
</failure>
  </testcase>
  <testcase classname="Verify add comment functionality is working" name="user calls &quot;addCommentAPI&quot; with payload as &quot;comment_test&quot; and &quot;POST&quot; http request" time="0.001">
    <skipped/>
  </testcase>
  <testcase classname="Verify add comment functionality is working" name="the API call got success with status code &quot;201&quot;" time="0">
    <skipped/>
  </testcase>
  <testcase classname="Verify add comment functionality is working" name="Verify add comment functionality is working" time="0.001">
    <failure message="expected:&lt;403&gt; but was:&lt;201&gt;" type="java.lang.AssertionError">java.lang.AssertionError: expected:&lt;403&gt; but was:&lt;201&gt;
	at org.junit.Assert.fail(Assert.java:89)
	at org.junit.Assert.failNotEquals(Assert.java:835)
	at org.junit.Assert.assertEquals(Assert.java:647)
	at org.junit.Assert.assertEquals(Assert.java:633)
	at stepDefinitions.stepDefinition.the_api_call_got_success_with_status_code(stepDefinition.java:62)
	at ✽.the API call got success with status code &quot;201&quot;(file:///D:/QA_projects/Git/JiraApiFramework/JiraAPIFramework/src/test/java/features/issueValidations.feature:17)
</failure>
  </testcase>
  <testcase classname="Verify add attachment functionality is working" name="Created session with issue Payload as &quot;summary_test&quot; &quot;description_test&quot;" time="0.056"/>
  <testcase classname="Verify add attachment functionality is working" name="user calls &quot;createIssueAPI&quot; with &quot;POST&quot; http request" time="0.016"/>
  <testcase classname="Verify add attachment functionality is working" name="the API call got success with status code &quot;201&quot;" time="0.001">
    <failure message="expected:&lt;403&gt; but was:&lt;201&gt;" type="java.lang.AssertionError">java.lang.AssertionError: expected:&lt;403&gt; but was:&lt;201&gt;
	at org.junit.Assert.fail(Assert.java:89)
	at org.junit.Assert.failNotEquals(Assert.java:835)
	at org.junit.Assert.assertEquals(Assert.java:647)
	at org.junit.Assert.assertEquals(Assert.java:633)
	at stepDefinitions.stepDefinition.the_api_call_got_success_with_status_code(stepDefinition.java:62)
	at ✽.the API call got success with status code &quot;201&quot;(file:///D:/QA_projects/Git/JiraApiFramework/JiraAPIFramework/src/test/java/features/issueValidations.feature:29)
</failure>
  </testcase>
  <testcase classname="Verify add attachment functionality is working" name="user calls &quot;addAttachmentAPI&quot; with adding file and &quot;POST&quot; http request" time="0">
    <skipped/>
  </testcase>
  <testcase classname="Verify add attachment functionality is working" name="the API call got success with status code &quot;200&quot;" time="0.001">
    <skipped/>
  </testcase>
  <testcase classname="Verify add attachment functionality is working" name="Verify add attachment functionality is working" time="0.001">
    <failure message="expected:&lt;403&gt; but was:&lt;201&gt;" type="java.lang.AssertionError">java.lang.AssertionError: expected:&lt;403&gt; but was:&lt;201&gt;
	at org.junit.Assert.fail(Assert.java:89)
	at org.junit.Assert.failNotEquals(Assert.java:835)
	at org.junit.Assert.assertEquals(Assert.java:647)
	at org.junit.Assert.assertEquals(Assert.java:633)
	at stepDefinitions.stepDefinition.the_api_call_got_success_with_status_code(stepDefinition.java:62)
	at ✽.the API call got success with status code &quot;201&quot;(file:///D:/QA_projects/Git/JiraApiFramework/JiraAPIFramework/src/test/java/features/issueValidations.feature:29)
</failure>
  </testcase>
  <testcase classname="Verify delete issue functionality is working" name="Created session with issue Payload as &quot;summary_test&quot; &quot;description_test&quot;" time="0.016"/>
  <testcase classname="Verify delete issue functionality is working" name="user calls &quot;createIssueAPI&quot; with &quot;POST&quot; http request" time="0.017"/>
  <testcase classname="Verify delete issue functionality is working" name="the API call got success with status code &quot;201&quot;" time="0.001">
    <failure message="expected:&lt;403&gt; but was:&lt;201&gt;" type="java.lang.AssertionError">java.lang.AssertionError: expected:&lt;403&gt; but was:&lt;201&gt;
	at org.junit.Assert.fail(Assert.java:89)
	at org.junit.Assert.failNotEquals(Assert.java:835)
	at org.junit.Assert.assertEquals(Assert.java:647)
	at org.junit.Assert.assertEquals(Assert.java:633)
	at stepDefinitions.stepDefinition.the_api_call_got_success_with_status_code(stepDefinition.java:62)
	at ✽.the API call got success with status code &quot;201&quot;(file:///D:/QA_projects/Git/JiraApiFramework/JiraAPIFramework/src/test/java/features/issueValidations.feature:41)
</failure>
  </testcase>
  <testcase classname="Verify delete issue functionality is working" name="user delete the issue by calling &quot;deleteIssueAPI&quot; with &quot;DELETE&quot; http request" time="0">
    <skipped/>
  </testcase>
  <testcase classname="Verify delete issue functionality is working" name="the API call got success with status code &quot;201&quot;" time="0">
    <skipped/>
  </testcase>
  <testcase classname="Verify delete issue functionality is working" name="Verify delete issue functionality is working" time="0">
    <failure message="expected:&lt;403&gt; but was:&lt;201&gt;" type="java.lang.AssertionError">java.lang.AssertionError: expected:&lt;403&gt; but was:&lt;201&gt;
	at org.junit.Assert.fail(Assert.java:89)
	at org.junit.Assert.failNotEquals(Assert.java:835)
	at org.junit.Assert.assertEquals(Assert.java:647)
	at org.junit.Assert.assertEquals(Assert.java:633)
	at stepDefinitions.stepDefinition.the_api_call_got_success_with_status_code(stepDefinition.java:62)
	at ✽.the API call got success with status code &quot;201&quot;(file:///D:/QA_projects/Git/JiraApiFramework/JiraAPIFramework/src/test/java/features/issueValidations.feature:41)
</failure>
  </testcase>
</testsuite>