<?xml version="1.0" encoding="UTF-8"?>
<testng-results ignored="0" total="0" passed="0" failed="0" skipped="0">
  <reporter-output>
  </reporter-output>
  <suite started-at="2022-07-06T23:37:17 YEKT" name="Suite" finished-at="2022-07-06T23:37:17 YEKT" duration-ms="5">
    <groups>
    </groups>
    <test started-at="2022-07-06T23:37:17 YEKT" name="Validating Issue API&#039;s" finished-at="2022-07-06T23:37:17 YEKT" duration-ms="5">
    </test> <!-- Validating Issue API's -->
  </suite> <!-- Suite -->
</testng-results>
